	im: alloc_inode 1
	im: get_inode 1
	im: inode not exist
	im: put_inode 1
FUSE library version: 2.9.9
unique: 2, opcode: INIT (26), nodeid: 0, insize: 56, pid: 0
INIT: 7.32
flags=0x03fffffb
max_readahead=0x00020000
   INIT: 7.19
   flags=0x00000000
   max_readahead=0x00020000
   max_write=0x00020000
   max_background=0
   congestion_threshold=0
   unique: 2, success, outsize: 40
unique: 4, opcode: LOOKUP (1), nodeid: 1, insize: 46, pid: 31311
=============in LoopUp=====================in isdir========extent_server: getattr 1
	im: getattr 1
	im: get_inode 1
isfile: 1 is a file
extent_server: get 1
	im: read_file 1
	im: get_inode 1
directory_name:   unique: 4, error: -2 (No such file or directory), outsize: 16
unique: 6, opcode: LOOKUP (1), nodeid: 1, insize: 46, pid: 31311
=============in LoopUp=====================in isdir========extent_server: getattr 1
	im: getattr 1
	im: get_inode 1
isfile: 1 is a file
extent_server: get 1
	im: read_file 1
	im: get_inode 1
directory_name:   unique: 6, error: -2 (No such file or directory), outsize: 16
unique: 8, opcode: LOOKUP (1), nodeid: 1, insize: 54, pid: 31311
=============in LoopUp=====================in isdir========extent_server: getattr 1
	im: getattr 1
	im: get_inode 1
isfile: 1 is a file
extent_server: get 1
	im: read_file 1
	im: get_inode 1
directory_name:   unique: 8, error: -2 (No such file or directory), outsize: 16
unique: 10, opcode: LOOKUP (1), nodeid: 1, insize: 54, pid: 31311
=============in LoopUp=====================in isdir========extent_server: getattr 1
	im: getattr 1
	im: get_inode 1
isfile: 1 is a file
extent_server: get 1
	im: read_file 1
	im: get_inode 1
directory_name:   unique: 10, error: -2 (No such file or directory), outsize: 16
unique: 12, opcode: LOOKUP (1), nodeid: 1, insize: 51, pid: 31311
=============in LoopUp=====================in isdir========extent_server: getattr 1
	im: getattr 1
	im: get_inode 1
isfile: 1 is a file
extent_server: get 1
	im: read_file 1
	im: get_inode 1
directory_name:   unique: 12, error: -2 (No such file or directory), outsize: 16
unique: 14, opcode: LOOKUP (1), nodeid: 1, insize: 51, pid: 31311
=============in LoopUp=====================in isdir========extent_server: getattr 1
	im: getattr 1
	im: get_inode 1
isfile: 1 is a file
extent_server: get 1
	im: read_file 1
	im: get_inode 1
directory_name:   unique: 14, error: -2 (No such file or directory), outsize: 16
unique: 16, opcode: LOOKUP (1), nodeid: 1, insize: 52, pid: 31311
=============in LoopUp=====================in isdir========extent_server: getattr 1
	im: getattr 1
	im: get_inode 1
isfile: 1 is a file
extent_server: get 1
	im: read_file 1
	im: get_inode 1
directory_name:   unique: 16, error: -2 (No such file or directory), outsize: 16
unique: 18, opcode: LOOKUP (1), nodeid: 1, insize: 52, pid: 31311
=============in LoopUp=====================in isdir========extent_server: getattr 1
	im: getattr 1
	im: get_inode 1
isfile: 1 is a file
extent_server: get 1
	im: read_file 1
	im: get_inode 1
directory_name:   unique: 18, error: -2 (No such file or directory), outsize: 16
unique: 20, opcode: LOOKUP (1), nodeid: 1, insize: 46, pid: 31315
=============in LoopUp=====================in isdir========extent_server: getattr 1
	im: getattr 1
	im: get_inode 1
isfile: 1 is a file
extent_server: get 1
	im: read_file 1
	im: get_inode 1
directory_name:   unique: 20, error: -2 (No such file or directory), outsize: 16
unique: 22, opcode: LOOKUP (1), nodeid: 1, insize: 46, pid: 31315
=============in LoopUp=====================in isdir========extent_server: getattr 1
	im: getattr 1
	im: get_inode 1
isfile: 1 is a file
extent_server: get 1
	im: read_file 1
	im: get_inode 1
directory_name:   unique: 22, error: -2 (No such file or directory), outsize: 16
unique: 24, opcode: SYMLINK (6), nodeid: 1, insize: 57, pid: 31315
=====in symlink function===
=============in LoopUp=====================in isdir========extent_server: getattr 1
	im: getattr 1
	im: get_inode 1
isfile: 1 is a file
extent_server: get 1
	im: read_file 1
	im: get_inode 1
directory_name:extent_server: create inode
	im: alloc_inode 3
	im: get_inode 2
	im: inode not exist
	im: put_inode 2
ino = 1
	im: write_file 2 of size 10
	im: get_inode 2
	im: alloc_nth_block 0
	im: get_nth_blockid 0
	im: put_inode 2
extent_server: get 1
	im: read_file 1
	im: get_inode 1
buf = pBþ	im: write_file 1 of size 10
	im: get_inode 1
	im: alloc_nth_block 0
	im: get_nth_blockid 0
	im: put_inode 1
extent_server: getattr 2
	im: getattr 2
	im: get_inode 2
isfile: 2 is a dir
getattr 0000000000000002 0
extent_server: getattr 2
	im: getattr 2
	im: get_inode 2
isfile: 2 is a dir
getdir 0000000000000002
extent_server: getattr 2
	im: getattr 2
	im: get_inode 2
   getattr -> 1667049460 1667049460 1667049460
   unique: 24, success, outsize: 144
unique: 26, opcode: LOOKUP (1), nodeid: 1, insize: 46, pid: 31316
=============in LoopUp=====================in isdir========extent_server: getattr 1
	im: getattr 1
	im: get_inode 1
isfile: 1 is a file
extent_server: get 1
	im: read_file 1
	im: get_inode 1
	im: get_nth_blockid 0
directory_name:(hosts,2)/extent_server: getattr 2
	im: getattr 2
	im: get_inode 2
isfile: 2 is a dir
getattr 0000000000000002 0
extent_server: getattr 2
	im: getattr 2
	im: get_inode 2
isfile: 2 is a dir
getdir 0000000000000002
extent_server: getattr 2
	im: getattr 2
	im: get_inode 2
   getattr -> 1667049460 1667049460 1667049460
   unique: 26, success, outsize: 144
unique: 28, opcode: GETATTR (3), nodeid: 2, insize: 56, pid: 31316
extent_server: getattr 2
	im: getattr 2
	im: get_inode 2
isfile: 2 is a dir
getattr 0000000000000002 0
extent_server: getattr 2
	im: getattr 2
	im: get_inode 2
isfile: 2 is a dir
getdir 0000000000000002
extent_server: getattr 2
	im: getattr 2
	im: get_inode 2
   getattr -> 1667049460 1667049460 1667049460
   unique: 28, success, outsize: 120
unique: 30, opcode: LOOKUP (1), nodeid: 1, insize: 46, pid: 31316
=============in LoopUp=====================in isdir========extent_server: getattr 1
	im: getattr 1
	im: get_inode 1
isfile: 1 is a file
extent_server: get 1
	im: read_file 1
	im: get_inode 1
	im: get_nth_blockid 0
directory_name:(hosts,2)/extent_server: getattr 2
	im: getattr 2
	im: get_inode 2
isfile: 2 is a dir
getattr 0000000000000002 0
extent_server: getattr 2
	im: getattr 2
	im: get_inode 2
isfile: 2 is a dir
getdir 0000000000000002
extent_server: getattr 2
	im: getattr 2
	im: get_inode 2
   getattr -> 1667049460 1667049460 1667049460
   unique: 30, success, outsize: 144
unique: 32, opcode: LOOKUP (1), nodeid: 2, insize: 46, pid: 31316
=============in LoopUp=====================in isdir========extent_server: getattr 2
	im: getattr 2
	im: get_inode 2
   unique: 32, error: -2 (No such file or directory), outsize: 16
